<?xml version="1.0" encoding="UTF-8"?>
<testng-results ignored="0" total="1" passed="1" failed="0" skipped="0">
  <reporter-output>
  </reporter-output>
  <suite started-at="2024-06-02T17:28:12 IST" name="Default suite" finished-at="2024-06-02T17:28:21 IST" duration-ms="8908">
    <groups>
    </groups>
    <test started-at="2024-06-02T17:28:12 IST" name="Default test" finished-at="2024-06-02T17:28:21 IST" duration-ms="8908">
      <class name="com.TestNGscripts.UploadFile">
        <test-method signature="UploadFile()[pri:0, instance:com.TestNGscripts.UploadFile@1ffaf86]" started-at="2024-06-02T17:28:12 IST" name="UploadFile" finished-at="2024-06-02T17:28:21 IST" duration-ms="8817" status="PASS">
          <reporter-output>
          </reporter-output>
        </test-method> <!-- UploadFile -->
      </class> <!-- com.TestNGscripts.UploadFile -->
    </test> <!-- Default test -->
  </suite> <!-- Default suite -->
</testng-results>
