<?xml version="1.0" encoding="UTF-8"?>
<testng-results ignored="0" total="1" passed="1" failed="0" skipped="0">
  <reporter-output>
  </reporter-output>
  <suite started-at="2024-05-10T12:15:40 IST" name="Default suite" finished-at="2024-05-10T12:15:58 IST" duration-ms="17194">
    <groups>
    </groups>
    <test started-at="2024-05-10T12:15:40 IST" name="Default test" finished-at="2024-05-10T12:15:58 IST" duration-ms="17194">
      <class name="com.TestNGscripts.Get_all_urls_in_page">
        <test-method signature="get_all_urls_of_page_and_print()[pri:0, instance:com.TestNGscripts.Get_all_urls_in_page@1ffaf86]" started-at="2024-05-10T12:15:40 IST" name="get_all_urls_of_page_and_print" finished-at="2024-05-10T12:15:58 IST" duration-ms="17123" status="PASS">
          <reporter-output>
          </reporter-output>
        </test-method> <!-- get_all_urls_of_page_and_print -->
      </class> <!-- com.TestNGscripts.Get_all_urls_in_page -->
    </test> <!-- Default test -->
  </suite> <!-- Default suite -->
</testng-results>
